2024-07-02 13:31:41,913 - [1.0, 2.9244187e-18, 2.5880717e-10, 3.1853867e-14, 1.6638687e-08]
2024-07-02 13:31:41,913 - Predicted label: down
2024-07-02 13:31:43,068 - [0.9849652, 0.00013945768, 0.01336827, 9.662781e-07, 0.0015261048]
2024-07-02 13:31:43,068 - Predicted label: down
2024-07-02 13:31:44,226 - [0.99168277, 2.459394e-06, 0.0046203854, 1.989508e-08, 0.0036943296]
2024-07-02 13:31:44,226 - Predicted label: down
2024-07-02 13:31:45,381 - [0.9997975, 3.335715e-07, 0.00019949139, 1.2299335e-08, 2.6301366e-06]
2024-07-02 13:31:45,381 - Predicted label: down
2024-07-02 13:31:46,535 - [0.9999975, 3.766423e-11, 2.554545e-06, 1.2655997e-10, 5.2098642e-08]
2024-07-02 13:31:46,535 - Predicted label: down
2024-07-02 13:31:47,692 - [0.9999994, 2.0467707e-13, 1.4481317e-07, 4.4485813e-12, 5.140932e-07]
2024-07-02 13:31:47,692 - Predicted label: down
2024-07-02 13:31:48,852 - [0.99950504, 1.8838303e-08, 0.00014612026, 1.7557874e-06, 0.0003470477]
2024-07-02 13:31:48,852 - Predicted label: down
2024-07-02 13:31:50,011 - [0.8177496, 0.0020971638, 0.041191828, 0.11620838, 0.022753088]
2024-07-02 13:31:50,011 - Predicted label: down
2024-07-02 13:31:51,171 - [0.9570695, 4.7118872e-05, 0.008772881, 0.0043617436, 0.029748822]
2024-07-02 13:31:51,171 - Predicted label: down
2024-07-02 13:31:52,327 - [0.8432323, 0.0096422145, 0.054208457, 0.0401767, 0.052740365]
2024-07-02 13:31:52,327 - Predicted label: down